{"total": {"lines":{"total":70,"covered":66,"skipped":0,"pct":94.28},"statements":{"total":88,"covered":82,"skipped":0,"pct":93.18},"functions":{"total":21,"covered":20,"skipped":0,"pct":95.23},"branches":{"total":47,"covered":42,"skipped":0,"pct":89.36},"branchesTrue":{"total":0,"covered":0,"skipped":0,"pct":100}}
,"C:\\Users\\pietr\\OneDrive\\Desktop\\QA Cypress\\PROJETOS-E-PR-TICAS-DE-EXTENS-O-III\\PPE-III-Unidade-03-Hamburgueria\\backend\\src\\app.js": {"lines":{"total":8,"covered":8,"skipped":0,"pct":100},"functions":{"total":3,"covered":2,"skipped":0,"pct":66.66},"statements":{"total":11,"covered":10,"skipped":0,"pct":90.9},"branches":{"total":0,"covered":0,"skipped":0,"pct":100}}
,"C:\\Users\\pietr\\OneDrive\\Desktop\\QA Cypress\\PROJETOS-E-PR-TICAS-DE-EXTENS-O-III\\PPE-III-Unidade-03-Hamburgueria\\backend\\src\\controllers\\taskController.js": {"lines":{"total":5,"covered":5,"skipped":0,"pct":100},"functions":{"total":4,"covered":4,"skipped":0,"pct":100},"statements":{"total":5,"covered":5,"skipped":0,"pct":100},"branches":{"total":0,"covered":0,"skipped":0,"pct":100}}
,"C:\\Users\\pietr\\OneDrive\\Desktop\\QA Cypress\\PROJETOS-E-PR-TICAS-DE-EXTENS-O-III\\PPE-III-Unidade-03-Hamburgueria\\backend\\src\\controllers\\userController.js": {"lines":{"total":2,"covered":2,"skipped":0,"pct":100},"functions":{"total":2,"covered":2,"skipped":0,"pct":100},"statements":{"total":2,"covered":2,"skipped":0,"pct":100},"branches":{"total":0,"covered":0,"skipped":0,"pct":100}}
,"C:\\Users\\pietr\\OneDrive\\Desktop\\QA Cypress\\PROJETOS-E-PR-TICAS-DE-EXTENS-O-III\\PPE-III-Unidade-03-Hamburgueria\\backend\\src\\middlewares\\authMiddleware.js": {"lines":{"total":8,"covered":8,"skipped":0,"pct":100},"functions":{"total":1,"covered":1,"skipped":0,"pct":100},"statements":{"total":8,"covered":8,"skipped":0,"pct":100},"branches":{"total":4,"covered":4,"skipped":0,"pct":100}}
,"C:\\Users\\pietr\\OneDrive\\Desktop\\QA Cypress\\PROJETOS-E-PR-TICAS-DE-EXTENS-O-III\\PPE-III-Unidade-03-Hamburgueria\\backend\\src\\middlewares\\errorMiddleware.js": {"lines":{"total":4,"covered":1,"skipped":0,"pct":25},"functions":{"total":1,"covered":1,"skipped":0,"pct":100},"statements":{"total":6,"covered":2,"skipped":0,"pct":33.33},"branches":{"total":4,"covered":1,"skipped":0,"pct":25}}
,"C:\\Users\\pietr\\OneDrive\\Desktop\\QA Cypress\\PROJETOS-E-PR-TICAS-DE-EXTENS-O-III\\PPE-III-Unidade-03-Hamburgueria\\backend\\src\\models\\Task.js": {"lines":{"total":1,"covered":1,"skipped":0,"pct":100},"functions":{"total":0,"covered":0,"skipped":0,"pct":100},"statements":{"total":1,"covered":1,"skipped":0,"pct":100},"branches":{"total":0,"covered":0,"skipped":0,"pct":100}}
,"C:\\Users\\pietr\\OneDrive\\Desktop\\QA Cypress\\PROJETOS-E-PR-TICAS-DE-EXTENS-O-III\\PPE-III-Unidade-03-Hamburgueria\\backend\\src\\models\\User.js": {"lines":{"total":1,"covered":1,"skipped":0,"pct":100},"functions":{"total":0,"covered":0,"skipped":0,"pct":100},"statements":{"total":1,"covered":1,"skipped":0,"pct":100},"branches":{"total":0,"covered":0,"skipped":0,"pct":100}}
,"C:\\Users\\pietr\\OneDrive\\Desktop\\QA Cypress\\PROJETOS-E-PR-TICAS-DE-EXTENS-O-III\\PPE-III-Unidade-03-Hamburgueria\\backend\\src\\routes\\taskRoutes.js": {"lines":{"total":6,"covered":6,"skipped":0,"pct":100},"functions":{"total":0,"covered":0,"skipped":0,"pct":100},"statements":{"total":6,"covered":6,"skipped":0,"pct":100},"branches":{"total":0,"covered":0,"skipped":0,"pct":100}}
,"C:\\Users\\pietr\\OneDrive\\Desktop\\QA Cypress\\PROJETOS-E-PR-TICAS-DE-EXTENS-O-III\\PPE-III-Unidade-03-Hamburgueria\\backend\\src\\routes\\userRoutes.js": {"lines":{"total":3,"covered":3,"skipped":0,"pct":100},"functions":{"total":0,"covered":0,"skipped":0,"pct":100},"statements":{"total":3,"covered":3,"skipped":0,"pct":100},"branches":{"total":0,"covered":0,"skipped":0,"pct":100}}
,"C:\\Users\\pietr\\OneDrive\\Desktop\\QA Cypress\\PROJETOS-E-PR-TICAS-DE-EXTENS-O-III\\PPE-III-Unidade-03-Hamburgueria\\backend\\src\\services\\taskService.js": {"lines":{"total":18,"covered":17,"skipped":0,"pct":94.44},"functions":{"total":5,"covered":5,"skipped":0,"pct":100},"statements":{"total":25,"covered":24,"skipped":0,"pct":96},"branches":{"total":21,"covered":20,"skipped":0,"pct":95.23}}
,"C:\\Users\\pietr\\OneDrive\\Desktop\\QA Cypress\\PROJETOS-E-PR-TICAS-DE-EXTENS-O-III\\PPE-III-Unidade-03-Hamburgueria\\backend\\src\\services\\userService.js": {"lines":{"total":10,"covered":10,"skipped":0,"pct":100},"functions":{"total":2,"covered":2,"skipped":0,"pct":100},"statements":{"total":15,"covered":15,"skipped":0,"pct":100},"branches":{"total":17,"covered":17,"skipped":0,"pct":100}}
,"C:\\Users\\pietr\\OneDrive\\Desktop\\QA Cypress\\PROJETOS-E-PR-TICAS-DE-EXTENS-O-III\\PPE-III-Unidade-03-Hamburgueria\\backend\\src\\utils\\AppError.js": {"lines":{"total":3,"covered":3,"skipped":0,"pct":100},"functions":{"total":1,"covered":1,"skipped":0,"pct":100},"statements":{"total":3,"covered":3,"skipped":0,"pct":100},"branches":{"total":1,"covered":0,"skipped":0,"pct":0}}
,"C:\\Users\\pietr\\OneDrive\\Desktop\\QA Cypress\\PROJETOS-E-PR-TICAS-DE-EXTENS-O-III\\PPE-III-Unidade-03-Hamburgueria\\backend\\src\\utils\\asyncHandler.js": {"lines":{"total":1,"covered":1,"skipped":0,"pct":100},"functions":{"total":2,"covered":2,"skipped":0,"pct":100},"statements":{"total":2,"covered":2,"skipped":0,"pct":100},"branches":{"total":0,"covered":0,"skipped":0,"pct":100}}
}
