TN:
SF:src\app.js
FN:8,(anonymous_0)
FN:9,(anonymous_1)
FN:16,(anonymous_2)
FNF:3
FNH:2
FNDA:1,(anonymous_0)
FNDA:0,(anonymous_1)
FNDA:1,(anonymous_2)
DA:6,1
DA:7,1
DA:8,1
DA:9,1
DA:14,1
DA:15,1
DA:16,1
DA:17,1
LF:8
LH:8
BRF:0
BRH:0
end_of_record
TN:
SF:src\controllers\taskController.js
FN:3,index
FN:7,create
FN:11,update
FN:15,remove
FNF:4
FNH:4
FNDA:1,index
FNDA:2,create
FNDA:1,update
FNDA:1,remove
DA:4,1
DA:8,2
DA:12,1
DA:16,1
DA:17,1
LF:5
LH:5
BRF:0
BRH:0
end_of_record
TN:
SF:src\controllers\userController.js
FN:3,register
FN:7,login
FNF:2
FNH:2
FNDA:4,register
FNDA:3,login
DA:4,4
DA:8,3
LF:2
LH:2
BRF:0
BRH:0
end_of_record
TN:
SF:src\middlewares\authMiddleware.js
FN:5,authMiddleware
FNF:1
FNH:1
FNDA:7,authMiddleware
DA:6,7
DA:7,7
DA:8,1
DA:10,6
DA:11,6
DA:12,5
DA:13,5
DA:15,1
LF:8
LH:8
BRDA:7,0,0,1
BRDA:7,0,1,6
BRDA:7,1,0,7
BRDA:7,1,1,6
BRF:4
BRH:4
end_of_record
TN:
SF:src\middlewares\errorMiddleware.js
FN:3,errorMiddleware
FNF:1
FNH:1
FNDA:4,errorMiddleware
DA:4,4
DA:5,0
DA:6,0
DA:7,0
LF:4
LH:1
BRDA:4,0,0,4
BRDA:4,0,1,0
BRDA:5,1,0,0
BRDA:5,1,1,0
BRF:4
BRH:1
end_of_record
TN:
SF:src\models\Task.js
FNF:0
FNH:0
DA:3,1
LF:1
LH:1
BRF:0
BRH:0
end_of_record
TN:
SF:src\models\User.js
FNF:0
FNH:0
DA:3,1
LF:1
LH:1
BRF:0
BRH:0
end_of_record
TN:
SF:src\routes\taskRoutes.js
FNF:0
FNH:0
DA:6,1
DA:7,1
DA:8,1
DA:9,1
DA:10,1
DA:11,1
LF:6
LH:6
BRF:0
BRH:0
end_of_record
TN:
SF:src\routes\userRoutes.js
FNF:0
FNH:0
DA:5,1
DA:6,1
DA:7,1
LF:3
LH:3
BRF:0
BRH:0
end_of_record
TN:
SF:src\services\taskService.js
FN:5,ensureValidId
FN:9,listTasks
FN:13,createTask
FN:18,updateTask
FN:32,deleteTask
FNF:5
FNH:5
FNDA:9,ensureValidId
FNDA:2,listTasks
FNDA:4,createTask
FNDA:6,updateTask
FNDA:3,deleteTask
DA:6,9
DA:10,2
DA:14,4
DA:15,2
DA:19,6
DA:20,5
DA:21,5
DA:22,1
DA:23,0
DA:25,4
DA:26,4
DA:27,3
DA:28,3
DA:29,2
DA:33,3
DA:34,3
DA:35,3
DA:36,2
LF:18
LH:17
BRDA:6,0,0,1
BRDA:6,0,1,8
BRDA:13,1,0,4
BRDA:14,2,0,2
BRDA:14,2,1,2
BRDA:14,3,0,4
BRDA:14,3,1,4
BRDA:21,4,0,1
BRDA:21,4,1,4
BRDA:22,5,0,1
BRDA:22,5,1,0
BRDA:22,6,0,1
BRDA:22,6,1,1
BRDA:25,7,0,3
BRDA:25,7,1,1
BRDA:26,8,0,1
BRDA:26,8,1,3
BRDA:28,9,0,1
BRDA:28,9,1,2
BRDA:35,10,0,1
BRDA:35,10,1,2
BRF:21
BRH:20
end_of_record
TN:
SF:src\services\userService.js
FN:7,registerUser
FN:16,loginUser
FNF:2
FNH:2
FNDA:8,registerUser
FNDA:7,loginUser
DA:8,8
DA:9,6
DA:10,5
DA:11,5
DA:12,4
DA:13,4
DA:17,7
DA:18,6
DA:19,6
DA:20,4
LF:10
LH:10
BRDA:8,0,0,2
BRDA:8,0,1,6
BRDA:8,1,0,8
BRDA:8,1,1,7
BRDA:8,1,2,6
BRDA:9,2,0,1
BRDA:9,2,1,5
BRDA:11,3,0,1
BRDA:11,3,1,4
BRDA:17,4,0,1
BRDA:17,4,1,6
BRDA:17,5,0,7
BRDA:17,5,1,6
BRDA:19,6,0,2
BRDA:19,6,1,4
BRDA:19,7,0,6
BRDA:19,7,1,5
BRF:17
BRH:17
end_of_record
TN:
SF:src\utils\AppError.js
FN:2,(anonymous_0)
FNF:1
FNH:1
FNDA:16,(anonymous_0)
DA:3,16
DA:4,16
DA:5,16
LF:3
LH:3
BRDA:2,0,0,0
BRF:1
BRH:0
end_of_record
TN:
SF:src\utils\asyncHandler.js
FN:1,asyncHandler
FN:2,(anonymous_1)
FNF:2
FNH:2
FNDA:6,asyncHandler
FNDA:12,(anonymous_1)
DA:2,12
LF:1
LH:1
BRF:0
BRH:0
end_of_record
