{"total": {"lines":{"total":62,"covered":62,"skipped":0,"pct":100},"statements":{"total":62,"covered":62,"skipped":0,"pct":100},"functions":{"total":4,"covered":4,"skipped":0,"pct":100},"branches":{"total":20,"covered":19,"skipped":0,"pct":95},"branchesTrue":{"total":0,"covered":0,"skipped":0,"pct":100}}
,"C:\\Users\\pietr\\OneDrive\\Desktop\\QA Cypress\\PROJETOS-E-PR-TICAS-DE-EXTENS-O-III\\PPE-III-Unidade-03-Hamburgueria\\frontend\\src\\App.jsx": {"lines":{"total":13,"covered":13,"skipped":0,"pct":100},"functions":{"total":1,"covered":1,"skipped":0,"pct":100},"statements":{"total":13,"covered":13,"skipped":0,"pct":100},"branches":{"total":1,"covered":1,"skipped":0,"pct":100}}
,"C:\\Users\\pietr\\OneDrive\\Desktop\\QA Cypress\\PROJETOS-E-PR-TICAS-DE-EXTENS-O-III\\PPE-III-Unidade-03-Hamburgueria\\frontend\\src\\components\\Menu.jsx": {"lines":{"total":44,"covered":44,"skipped":0,"pct":100},"functions":{"total":2,"covered":2,"skipped":0,"pct":100},"statements":{"total":44,"covered":44,"skipped":0,"pct":100},"branches":{"total":15,"covered":14,"skipped":0,"pct":93.33}}
,"C:\\Users\\pietr\\OneDrive\\Desktop\\QA Cypress\\PROJETOS-E-PR-TICAS-DE-EXTENS-O-III\\PPE-III-Unidade-03-Hamburgueria\\frontend\\src\\services\\api.js": {"lines":{"total":5,"covered":5,"skipped":0,"pct":100},"functions":{"total":1,"covered":1,"skipped":0,"pct":100},"statements":{"total":5,"covered":5,"skipped":0,"pct":100},"branches":{"total":4,"covered":4,"skipped":0,"pct":100}}
}
